app/build/intermediates/manifest_merge_blame_file/debug/manifest-merger-blame-debug-report.txt
1<?xml version="1.0" encoding="utf-8"?>
2<manifest xmlns:android="http://schemas.android.com/apk/res/android"
3    package="com.example.flatload"
4    android:versionCode="1"
5    android:versionName="1.0" >
6
7    <uses-sdk
8        android:minSdkVersion="28"
8-->src\main\AndroidManifest.xml
9        android:targetSdkVersion="29" />
9-->src\main\AndroidManifest.xml
10
11    <uses-permission android:name="android.permission.WRITE_EXTERNAL_STORAGE" />
11-->src\main\AndroidManifest.xml:5:5-81
11-->src\main\AndroidManifest.xml:5:22-78
12    <uses-permission android:name="android.permission.ACCESS_FINE_LOCATION" />
12-->src\main\AndroidManifest.xml:6:5-79
12-->src\main\AndroidManifest.xml:6:22-76
13    <uses-permission android:name="android.permission.ACCESS_COARSE_LOCATION" />
13-->src\main\AndroidManifest.xml:7:5-81
13-->src\main\AndroidManifest.xml:7:22-78
14    <uses-permission android:name="android.permission.INTERNET" />
14-->src\main\AndroidManifest.xml:8:5-67
14-->src\main\AndroidManifest.xml:8:22-64
15    <uses-permission android:name="android.permission.CALL_PHONE" />
15-->src\main\AndroidManifest.xml:9:5-69
15-->src\main\AndroidManifest.xml:9:22-66
16
17    <uses-feature
17-->[com.naver.maps:map-sdk:3.12.0] AndroidManifest.xml:9:5-11:35
18        android:glEsVersion="0x00020000"
18-->[com.naver.maps:map-sdk:3.12.0] AndroidManifest.xml:10:9-41
19        android:required="true" />
19-->[com.naver.maps:map-sdk:3.12.0] AndroidManifest.xml:11:9-32
20    <uses-feature
20-->[com.naver.maps:map-sdk:3.12.0] AndroidManifest.xml:12:5-14:36
21        android:name="android.hardware.wifi"
21-->[com.naver.maps:map-sdk:3.12.0] AndroidManifest.xml:13:9-45
22        android:required="false" />
22-->[com.naver.maps:map-sdk:3.12.0] AndroidManifest.xml:14:9-33
23
24    <uses-permission android:name="android.permission.ACCESS_NETWORK_STATE" />
24-->[com.naver.maps:map-sdk:3.12.0] AndroidManifest.xml:17:5-79
24-->[com.naver.maps:map-sdk:3.12.0] AndroidManifest.xml:17:22-76
25    <uses-permission android:name="android.permission.ACCESS_WIFI_STATE" />
25-->[com.naver.maps:map-sdk:3.12.0] AndroidManifest.xml:18:5-76
25-->[com.naver.maps:map-sdk:3.12.0] AndroidManifest.xml:18:22-73
26
27    <queries>
27-->[com.google.android.gms:play-services-maps:17.0.1] AndroidManifest.xml:30:5-34:15
28
29        <!-- Needs to be explicitly declared on Android R+ -->
30        <package android:name="com.google.android.apps.maps" />
30-->[com.google.android.gms:play-services-maps:17.0.1] AndroidManifest.xml:33:9-64
30-->[com.google.android.gms:play-services-maps:17.0.1] AndroidManifest.xml:33:18-61
31    </queries> <!-- Required for CrashReporterJobIntentService on API levels below 25 -->
32    <uses-permission android:name="android.permission.WAKE_LOCK" />
32-->[com.mapbox.mapboxsdk:mapbox-android-telemetry:5.0.1] AndroidManifest.xml:12:5-68
32-->[com.mapbox.mapboxsdk:mapbox-android-telemetry:5.0.1] AndroidManifest.xml:12:22-65
33
34    <application
34-->src\main\AndroidManifest.xml:11:5-50:19
35        android:allowBackup="true"
35-->src\main\AndroidManifest.xml:12:9-35
36        android:appComponentFactory="androidx.core.app.CoreComponentFactory"
36-->[androidx.core:core:1.5.0] AndroidManifest.xml:24:18-86
37        android:debuggable="true"
38        android:extractNativeLibs="false"
39        android:icon="@mipmap/ic_launcher"
39-->src\main\AndroidManifest.xml:13:9-43
40        android:label="@string/app_name"
40-->src\main\AndroidManifest.xml:14:9-41
41        android:networkSecurityConfig="@xml/network_security_config"
41-->src\main\AndroidManifest.xml:15:9-69
42        android:roundIcon="@mipmap/ic_launcher_round"
42-->src\main\AndroidManifest.xml:16:9-54
43        android:supportsRtl="true"
43-->src\main\AndroidManifest.xml:17:9-35
44        android:testOnly="true"
45        android:theme="@style/AppTheme"
45-->src\main\AndroidManifest.xml:18:9-40
46        android:usesCleartextTraffic="true" >
46-->src\main\AndroidManifest.xml:19:9-44
47        <activity android:name="com.example.flatload.MarkerResultActivity" />
47-->src\main\AndroidManifest.xml:20:9-67
47-->src\main\AndroidManifest.xml:20:19-55
48        <activity android:name="com.example.flatload.TestGetServerActivity" />
48-->src\main\AndroidManifest.xml:21:9-59
48-->src\main\AndroidManifest.xml:21:19-56
49        <activity android:name="com.example.flatload.MapActivity" />
49-->src\main\AndroidManifest.xml:22:9-49
49-->src\main\AndroidManifest.xml:22:19-46
50        <activity android:name="com.example.flatload.InputWayActivity" />
50-->src\main\AndroidManifest.xml:23:9-54
50-->src\main\AndroidManifest.xml:23:19-51
51        <activity android:name="com.example.flatload.MainActivity" >
51-->src\main\AndroidManifest.xml:24:9-30:20
51-->src\main\AndroidManifest.xml:24:19-47
52            <intent-filter>
52-->src\main\AndroidManifest.xml:25:13-29:29
53                <action android:name="android.intent.action.MAIN" />
53-->src\main\AndroidManifest.xml:26:17-69
53-->src\main\AndroidManifest.xml:26:25-66
54
55                <category android:name="android.intent.category.LAUNCHER" />
55-->src\main\AndroidManifest.xml:28:17-77
55-->src\main\AndroidManifest.xml:28:27-74
56            </intent-filter>
57        </activity>
58
59        <meta-data
59-->src\main\AndroidManifest.xml:32:9-34:69
60            android:name="com.google.android.gms.version"
60-->src\main\AndroidManifest.xml:33:13-58
61            android:value="@integer/google_play_services_version" />
61-->src\main\AndroidManifest.xml:34:13-66
62        <!-- <meta-data -->
63        <!-- android:name="com.google.android.geo.API_KEY" -->
64        <!-- android:value="AIzaSyAp0EHOC1OJFzzi3S2_3luFM7APd_fukaw" /> -->
65        <meta-data
65-->src\main\AndroidManifest.xml:38:9-40:41
66            android:name="com.naver.maps.map.CLIENT_ID"
66-->src\main\AndroidManifest.xml:39:13-56
67            android:value="l56nu9rxxp" />
67-->src\main\AndroidManifest.xml:40:13-39
68
69        <provider
69-->src\main\AndroidManifest.xml:41:9-49:20
70            android:name="androidx.core.content.FileProvider"
70-->src\main\AndroidManifest.xml:42:13-62
71            android:authorities="com.example.flatload.provider"
71-->src\main\AndroidManifest.xml:43:13-64
72            android:exported="false"
72-->src\main\AndroidManifest.xml:44:13-37
73            android:grantUriPermissions="true" >
73-->src\main\AndroidManifest.xml:45:13-47
74            <meta-data
74-->src\main\AndroidManifest.xml:46:13-48:53
75                android:name="android.support.FILE_PROVIDER_PATHS"
75-->src\main\AndroidManifest.xml:47:17-67
76                android:resource="@xml/file_path" />
76-->src\main\AndroidManifest.xml:48:17-50
77        </provider>
78
79        <activity
79-->[com.naver.maps:map-sdk:3.12.0] AndroidManifest.xml:21:9-25:51
80            android:name="com.naver.maps.map.app.LegendActivity"
80-->[com.naver.maps:map-sdk:3.12.0] AndroidManifest.xml:22:13-65
81            android:configChanges="screenSize|smallestScreenSize|screenLayout|orientation"
81-->[com.naver.maps:map-sdk:3.12.0] AndroidManifest.xml:23:13-91
82            android:label="@string/navermap_legend"
82-->[com.naver.maps:map-sdk:3.12.0] AndroidManifest.xml:24:13-52
83            android:theme="@style/navermap_app" />
83-->[com.naver.maps:map-sdk:3.12.0] AndroidManifest.xml:25:13-48
84        <activity
84-->[com.naver.maps:map-sdk:3.12.0] AndroidManifest.xml:26:9-30:51
85            android:name="com.naver.maps.map.app.LegalNoticeActivity"
85-->[com.naver.maps:map-sdk:3.12.0] AndroidManifest.xml:27:13-70
86            android:configChanges="screenSize|smallestScreenSize|screenLayout|orientation"
86-->[com.naver.maps:map-sdk:3.12.0] AndroidManifest.xml:28:13-91
87            android:label="@string/navermap_legal_notice"
87-->[com.naver.maps:map-sdk:3.12.0] AndroidManifest.xml:29:13-58
88            android:theme="@style/navermap_app" />
88-->[com.naver.maps:map-sdk:3.12.0] AndroidManifest.xml:30:13-48
89        <activity
89-->[com.naver.maps:map-sdk:3.12.0] AndroidManifest.xml:31:9-35:51
90            android:name="com.naver.maps.map.app.OpenSourceLicenseActivity"
90-->[com.naver.maps:map-sdk:3.12.0] AndroidManifest.xml:32:13-76
91            android:configChanges="screenSize|smallestScreenSize|screenLayout|orientation"
91-->[com.naver.maps:map-sdk:3.12.0] AndroidManifest.xml:33:13-91
92            android:label="@string/navermap_open_source_license"
92-->[com.naver.maps:map-sdk:3.12.0] AndroidManifest.xml:34:13-65
93            android:theme="@style/navermap_app" /> <!-- Needs to be explicitly declared on P+ -->
93-->[com.naver.maps:map-sdk:3.12.0] AndroidManifest.xml:35:13-48
94        <uses-library
94-->[com.google.android.gms:play-services-maps:17.0.1] AndroidManifest.xml:39:9-41:40
95            android:name="org.apache.http.legacy"
95-->[com.google.android.gms:play-services-maps:17.0.1] AndroidManifest.xml:40:13-50
96            android:required="false" />
96-->[com.google.android.gms:play-services-maps:17.0.1] AndroidManifest.xml:41:13-37
97
98        <provider
98-->[com.mapbox.mapboxsdk:mapbox-android-telemetry:5.0.1] AndroidManifest.xml:18:9-22:39
99            android:name="com.mapbox.android.telemetry.provider.MapboxTelemetryInitProvider"
99-->[com.mapbox.mapboxsdk:mapbox-android-telemetry:5.0.1] AndroidManifest.xml:19:13-93
100            android:authorities="com.example.flatload.mapboxtelemetryinitprovider"
100-->[com.mapbox.mapboxsdk:mapbox-android-telemetry:5.0.1] AndroidManifest.xml:20:13-79
101            android:exported="false"
101-->[com.mapbox.mapboxsdk:mapbox-android-telemetry:5.0.1] AndroidManifest.xml:21:13-37
102            android:initOrder="100" />
102-->[com.mapbox.mapboxsdk:mapbox-android-telemetry:5.0.1] AndroidManifest.xml:22:13-36
103
104        <service
104-->[com.mapbox.mapboxsdk:mapbox-android-telemetry:5.0.1] AndroidManifest.xml:24:9-26:72
105            android:name="com.mapbox.android.telemetry.errors.ErrorReporterJobIntentService"
105-->[com.mapbox.mapboxsdk:mapbox-android-telemetry:5.0.1] AndroidManifest.xml:25:13-93
106            android:permission="android.permission.BIND_JOB_SERVICE" />
106-->[com.mapbox.mapboxsdk:mapbox-android-telemetry:5.0.1] AndroidManifest.xml:26:13-69
107
108        <activity
108-->[com.google.android.gms:play-services-base:17.5.0] AndroidManifest.xml:23:9-26:75
109            android:name="com.google.android.gms.common.api.GoogleApiActivity"
109-->[com.google.android.gms:play-services-base:17.5.0] AndroidManifest.xml:24:13-79
110            android:exported="false"
110-->[com.google.android.gms:play-services-base:17.5.0] AndroidManifest.xml:25:13-37
111            android:theme="@android:style/Theme.Translucent.NoTitleBar" />
111-->[com.google.android.gms:play-services-base:17.5.0] AndroidManifest.xml:26:13-72
112    </application>
113
114</manifest>